Nâng cấp bắt đầu: 15:17:54_23-07-2024
15:17:54_23-07-2024 | ::1 | Cập nhật hệ thống lên 4.5.06 | SUCCESS
15:17:55_23-07-2024 | ::1 | Cập nhật CSDL lên phiên bản 4.5.06 | SUCCESS
15:18:23_23-07-2024 | ::1 | Tạo thư mục assets/js/highlight | SUCCESS
15:18:23_23-07-2024 | ::1 | Tạo thư mục assets/js/stickytableheaders | SUCCESS
15:18:23_23-07-2024 | ::1 | Di chuyển file admin/authors/2step.php | SUCCESS
15:18:23_23-07-2024 | ::1 | Di chuyển file admin/authors/2step_zalo.php | SUCCESS
15:18:23_23-07-2024 | ::1 | Di chuyển file admin/authors/add.php | SUCCESS
15:18:23_23-07-2024 | ::1 | Di chuyển file admin/authors/api-credentials.php | SUCCESS
15:18:23_23-07-2024 | ::1 | Di chuyển file admin/authors/api-roles.php | SUCCESS
15:18:23_23-07-2024 | ::1 | Di chuyển file admin/authors/edit.php | SUCCESS
15:18:23_23-07-2024 | ::1 | Di chuyển file admin/authors/main.php | SUCCESS
15:18:23_23-07-2024 | ::1 | Di chuyển file admin/authors/module.php | SUCCESS
15:18:23_23-07-2024 | ::1 | Di chuyển file admin/database/file.php | SUCCESS
15:18:23_23-07-2024 | ::1 | Di chuyển file admin/database/functions.php | SUCCESS
15:18:23_23-07-2024 | ::1 | Di chuyển file admin/database/sampledata.php | SUCCESS
15:18:23_23-07-2024 | ::1 | Di chuyển file admin/database/savefile.php | SUCCESS
15:18:23_23-07-2024 | ::1 | Di chuyển file admin/extensions/download.php | SUCCESS
15:18:23_23-07-2024 | ::1 | Di chuyển file admin/extensions/functions.php | SUCCESS
15:18:23_23-07-2024 | ::1 | Di chuyển file admin/extensions/install.php | SUCCESS
15:18:23_23-07-2024 | ::1 | Di chuyển file admin/extensions/upload.php | SUCCESS
15:18:23_23-07-2024 | ::1 | Di chuyển file admin/index.php | SUCCESS
15:18:23_23-07-2024 | ::1 | Di chuyển file admin/language/check.php | SUCCESS
15:18:23_23-07-2024 | ::1 | Di chuyển file admin/modules/change_custom_name.php | SUCCESS
15:18:23_23-07-2024 | ::1 | Di chuyển file admin/modules/change_site_title.php | SUCCESS
15:18:23_23-07-2024 | ::1 | Di chuyển file admin/seotools/sitemapPing.php | SUCCESS
15:18:23_23-07-2024 | ::1 | Di chuyển file admin/settings/admin.menu.php | SUCCESS
15:18:23_23-07-2024 | ::1 | Di chuyển file admin/settings/ftp.php | SUCCESS
15:18:23_23-07-2024 | ::1 | Di chuyển file admin/settings/functions.php | SUCCESS
15:18:23_23-07-2024 | ::1 | Di chuyển file admin/settings/headers.php | SUCCESS
15:18:23_23-07-2024 | ::1 | Di chuyển file admin/settings/security.php | SUCCESS
15:18:23_23-07-2024 | ::1 | Di chuyển file admin/settings/system.php | SUCCESS
15:18:23_23-07-2024 | ::1 | Di chuyển file admin/settings/variables.php | SUCCESS
15:18:23_23-07-2024 | ::1 | Di chuyển file admin/themes/admin.menu.php | SUCCESS
15:18:23_23-07-2024 | ::1 | Di chuyển file admin/themes/main.php | SUCCESS
15:18:23_23-07-2024 | ::1 | Di chuyển file admin/upload/addlogo.php | SUCCESS
15:18:23_23-07-2024 | ::1 | Di chuyển file admin/upload/admin.menu.php | SUCCESS
15:18:23_23-07-2024 | ::1 | Di chuyển file admin/upload/config.php | SUCCESS
15:18:23_23-07-2024 | ::1 | Di chuyển file admin/upload/createimg.php | SUCCESS
15:18:23_23-07-2024 | ::1 | Di chuyển file admin/upload/cropimg.php | SUCCESS
15:18:23_23-07-2024 | ::1 | Di chuyển file admin/upload/delfolder.php | SUCCESS
15:18:23_23-07-2024 | ::1 | Di chuyển file admin/upload/delimg.php | SUCCESS
15:18:23_23-07-2024 | ::1 | Di chuyển file admin/upload/dlimg.php | SUCCESS
15:18:23_23-07-2024 | ::1 | Di chuyển file admin/upload/folderlist.php | SUCCESS
15:18:23_23-07-2024 | ::1 | Di chuyển file admin/upload/functions.php | SUCCESS
15:18:23_23-07-2024 | ::1 | Di chuyển file admin/upload/main.php | SUCCESS
15:18:23_23-07-2024 | ::1 | Di chuyển file admin/upload/moveimg.php | SUCCESS
15:18:23_23-07-2024 | ::1 | Di chuyển file admin/upload/renamefolder.php | SUCCESS
15:18:23_23-07-2024 | ::1 | Di chuyển file admin/upload/rotateimg.php | SUCCESS
15:18:23_23-07-2024 | ::1 | Di chuyển file admin/upload/thumbconfig.php | SUCCESS
15:18:23_23-07-2024 | ::1 | Di chuyển file admin/upload/upload.php | SUCCESS
15:18:23_23-07-2024 | ::1 | Di chuyển file admin/upload/uploadconfig.php | SUCCESS
15:18:23_23-07-2024 | ::1 | Di chuyển file admin/zalo/admin.menu.php | SUCCESS
15:18:23_23-07-2024 | ::1 | Di chuyển file admin/zalo/functions.php | SUCCESS
15:18:23_23-07-2024 | ::1 | Di chuyển file admin/zalo/index.html | SUCCESS
15:18:23_23-07-2024 | ::1 | Di chuyển file admin/zalo/main.php | SUCCESS
15:18:23_23-07-2024 | ::1 | Di chuyển file admin/zalo/settings.php | SUCCESS
15:18:23_23-07-2024 | ::1 | Di chuyển file api.php | SUCCESS
15:18:23_23-07-2024 | ::1 | Di chuyển file assets/css/rss.xsl | SUCCESS
15:18:23_23-07-2024 | ::1 | Di chuyển file assets/editors/ckeditor/LICENSE.md | SUCCESS
15:18:23_23-07-2024 | ::1 | Di chuyển file assets/editors/ckeditor/adapters/jquery.js | SUCCESS
15:18:23_23-07-2024 | ::1 | Di chuyển file assets/editors/ckeditor/build-config.js | SUCCESS
15:18:23_23-07-2024 | ::1 | Di chuyển file assets/editors/ckeditor/ckeditor.js | SUCCESS
15:18:23_23-07-2024 | ::1 | Di chuyển file assets/editors/ckeditor/config.js | SUCCESS
15:18:23_23-07-2024 | ::1 | Di chuyển file assets/editors/ckeditor/contents.css | SUCCESS
15:18:23_23-07-2024 | ::1 | Di chuyển file assets/editors/ckeditor/lang/en.js | SUCCESS
15:18:23_23-07-2024 | ::1 | Di chuyển file assets/editors/ckeditor/lang/fr.js | SUCCESS
15:18:23_23-07-2024 | ::1 | Di chuyển file assets/editors/ckeditor/lang/vi.js | SUCCESS
15:18:23_23-07-2024 | ::1 | Di chuyển file assets/editors/ckeditor/nv.php | SUCCESS
15:18:23_23-07-2024 | ::1 | Di chuyển file assets/editors/ckeditor/nv.upload.error.php | SUCCESS
15:18:23_23-07-2024 | ::1 | Di chuyển file assets/editors/ckeditor/nv.upload.success.php | SUCCESS
15:18:23_23-07-2024 | ::1 | Di chuyển file assets/editors/ckeditor/plugins/balloonpanel/skins/kama/balloonpanel.css | SUCCESS
15:18:23_23-07-2024 | ::1 | Di chuyển file assets/editors/ckeditor/plugins/balloonpanel/skins/moono/balloonpanel.css | SUCCESS
15:18:23_23-07-2024 | ::1 | Di chuyển file assets/editors/ckeditor/plugins/balloonpanel/skins/moono-lisa/balloonpanel.css | SUCCESS
15:18:23_23-07-2024 | ::1 | Di chuyển file assets/editors/ckeditor/plugins/clipboard/dialogs/paste.js | SUCCESS
15:18:23_23-07-2024 | ::1 | Di chuyển file assets/editors/ckeditor/plugins/codesnippet/dialogs/codesnippet.js | SUCCESS
15:18:23_23-07-2024 | ::1 | Di chuyển file assets/editors/ckeditor/plugins/colordialog/dialogs/colordialog.css | SUCCESS
15:18:23_23-07-2024 | ::1 | Di chuyển file assets/editors/ckeditor/plugins/colordialog/dialogs/colordialog.js | SUCCESS
15:18:23_23-07-2024 | ::1 | Di chuyển file assets/editors/ckeditor/plugins/copyformatting/styles/copyformatting.css | SUCCESS
15:18:23_23-07-2024 | ::1 | Di chuyển file assets/editors/ckeditor/plugins/dialog/dialogDefinition.js | SUCCESS
15:18:23_23-07-2024 | ::1 | Di chuyển file assets/editors/ckeditor/plugins/docviewer/dialogs/docviewer.css | SUCCESS
15:18:23_23-07-2024 | ::1 | Di chuyển file assets/editors/ckeditor/plugins/docviewer/dialogs/docviewer.js | SUCCESS
15:18:23_23-07-2024 | ::1 | Di chuyển file assets/editors/ckeditor/plugins/docviewer/dialogs/index.html | SUCCESS
15:18:23_23-07-2024 | ::1 | Di chuyển file assets/editors/ckeditor/plugins/docviewer/icons/docviewer.png | SUCCESS
15:18:23_23-07-2024 | ::1 | Di chuyển file assets/editors/ckeditor/plugins/docviewer/icons/docviewer_big.png | SUCCESS
15:18:23_23-07-2024 | ::1 | Di chuyển file assets/editors/ckeditor/plugins/docviewer/icons/index.html | SUCCESS
15:18:23_23-07-2024 | ::1 | Di chuyển file assets/editors/ckeditor/plugins/docviewer/lang/en.js | SUCCESS
15:18:23_23-07-2024 | ::1 | Di chuyển file assets/editors/ckeditor/plugins/docviewer/lang/fr.js | SUCCESS
15:18:23_23-07-2024 | ::1 | Di chuyển file assets/editors/ckeditor/plugins/docviewer/lang/index.html | SUCCESS
15:18:23_23-07-2024 | ::1 | Di chuyển file assets/editors/ckeditor/plugins/docviewer/lang/ru.js | SUCCESS
15:18:23_23-07-2024 | ::1 | Di chuyển file assets/editors/ckeditor/plugins/docviewer/lang/vi.js | SUCCESS
15:18:23_23-07-2024 | ::1 | Di chuyển file assets/editors/ckeditor/plugins/docviewer/plugin.js | SUCCESS
15:18:23_23-07-2024 | ::1 | Di chuyển file assets/editors/ckeditor/plugins/eqneditor/dialogs/eqneditor.js | SUCCESS
15:18:23_23-07-2024 | ::1 | Di chuyển file assets/editors/ckeditor/plugins/eqneditor/dialogs/lang/en.js | SUCCESS
15:18:23_23-07-2024 | ::1 | Di chuyển file assets/editors/ckeditor/plugins/find/dialogs/find.js | SUCCESS
15:18:23_23-07-2024 | ::1 | Di chuyển file assets/editors/ckeditor/plugins/icons.png | SUCCESS
15:18:23_23-07-2024 | ::1 | Di chuyển file assets/editors/ckeditor/plugins/icons_hidpi.png | SUCCESS
15:18:23_23-07-2024 | ::1 | Di chuyển file assets/editors/ckeditor/plugins/iframe/dialogs/iframe.js | SUCCESS
15:18:23_23-07-2024 | ::1 | Di chuyển file assets/editors/ckeditor/plugins/image2/dialogs/image2.js | SUCCESS
15:18:23_23-07-2024 | ::1 | Di chuyển file assets/editors/ckeditor/plugins/link/dialogs/anchor.js | SUCCESS
15:18:23_23-07-2024 | ::1 | Di chuyển file assets/editors/ckeditor/plugins/link/dialogs/link.js | SUCCESS
15:18:23_23-07-2024 | ::1 | Di chuyển file assets/editors/ckeditor/plugins/liststyle/dialogs/liststyle.js | SUCCESS
15:18:23_23-07-2024 | ::1 | Di chuyển file assets/editors/ckeditor/plugins/pastefromword/filter/default.js | SUCCESS
15:18:23_23-07-2024 | ::1 | Di chuyển file assets/editors/ckeditor/plugins/pastetools/filter/common.js | SUCCESS
15:18:23_23-07-2024 | ::1 | Di chuyển file assets/editors/ckeditor/plugins/pastetools/filter/image.js | SUCCESS
15:18:23_23-07-2024 | ::1 | Di chuyển file assets/editors/ckeditor/plugins/placeholder/dialogs/placeholder.js | SUCCESS
15:18:23_23-07-2024 | ::1 | Di chuyển file assets/editors/ckeditor/plugins/smiley/dialogs/smiley.js | SUCCESS
15:18:23_23-07-2024 | ::1 | Di chuyển file assets/editors/ckeditor/plugins/specialchar/dialogs/lang/en.js | SUCCESS
15:18:23_23-07-2024 | ::1 | Di chuyển file assets/editors/ckeditor/plugins/specialchar/dialogs/lang/fr.js | SUCCESS
15:18:23_23-07-2024 | ::1 | Di chuyển file assets/editors/ckeditor/plugins/specialchar/dialogs/lang/vi.js | SUCCESS
15:18:23_23-07-2024 | ::1 | Di chuyển file assets/editors/ckeditor/plugins/specialchar/dialogs/specialchar.js | SUCCESS
15:18:23_23-07-2024 | ::1 | Di chuyển file assets/editors/ckeditor/plugins/table/dialogs/table.js | SUCCESS
15:18:23_23-07-2024 | ::1 | Di chuyển file assets/editors/ckeditor/plugins/tabletools/dialogs/tableCell.js | SUCCESS
15:18:23_23-07-2024 | ::1 | Di chuyển file assets/editors/ckeditor/plugins/templates/dialogs/templates.css | SUCCESS
15:18:23_23-07-2024 | ::1 | Di chuyển file assets/editors/ckeditor/plugins/templates/dialogs/templates.js | SUCCESS
15:18:23_23-07-2024 | ::1 | Di chuyển file assets/editors/ckeditor/plugins/templates/templatedefinition.js | SUCCESS
15:18:23_23-07-2024 | ::1 | Di chuyển file assets/editors/ckeditor/plugins/templates/templates/default.js | SUCCESS
15:18:23_23-07-2024 | ::1 | Di chuyển file assets/editors/ckeditor/plugins/video/dialogs/video.js | SUCCESS
15:18:23_23-07-2024 | ::1 | Di chuyển file assets/editors/ckeditor/plugins/video/icons/hidpi/video.png | SUCCESS
15:18:23_23-07-2024 | ::1 | Di chuyển file assets/editors/ckeditor/plugins/video/icons/video.png | SUCCESS
15:18:23_23-07-2024 | ::1 | Di chuyển file assets/editors/ckeditor/plugins/video/images/placeholder.png | SUCCESS
15:18:23_23-07-2024 | ::1 | Di chuyển file assets/editors/ckeditor/plugins/video/lang/en.js | SUCCESS
15:18:23_23-07-2024 | ::1 | Di chuyển file assets/editors/ckeditor/plugins/video/lang/fr.js | SUCCESS
15:18:23_23-07-2024 | ::1 | Di chuyển file assets/editors/ckeditor/plugins/video/lang/ru.js | SUCCESS
15:18:23_23-07-2024 | ::1 | Di chuyển file assets/editors/ckeditor/plugins/video/lang/vi.js | SUCCESS
15:18:23_23-07-2024 | ::1 | Di chuyển file assets/editors/ckeditor/plugins/video/plugin.js | SUCCESS
15:18:23_23-07-2024 | ::1 | Di chuyển file assets/editors/ckeditor/skins/moono/dialog.css | SUCCESS
15:18:23_23-07-2024 | ::1 | Di chuyển file assets/editors/ckeditor/skins/moono/dialog_ie.css | SUCCESS
15:18:23_23-07-2024 | ::1 | Di chuyển file assets/editors/ckeditor/skins/moono/dialog_ie7.css | SUCCESS
15:18:23_23-07-2024 | ::1 | Di chuyển file assets/editors/ckeditor/skins/moono/dialog_ie8.css | SUCCESS
15:18:23_23-07-2024 | ::1 | Di chuyển file assets/editors/ckeditor/skins/moono/dialog_iequirks.css | SUCCESS
15:18:23_23-07-2024 | ::1 | Di chuyển file assets/editors/ckeditor/skins/moono/editor.css | SUCCESS
15:18:23_23-07-2024 | ::1 | Di chuyển file assets/editors/ckeditor/skins/moono/editor_gecko.css | SUCCESS
15:18:23_23-07-2024 | ::1 | Di chuyển file assets/editors/ckeditor/skins/moono/editor_ie.css | SUCCESS
15:18:23_23-07-2024 | ::1 | Di chuyển file assets/editors/ckeditor/skins/moono/editor_ie7.css | SUCCESS
15:18:23_23-07-2024 | ::1 | Di chuyển file assets/editors/ckeditor/skins/moono/editor_ie8.css | SUCCESS
15:18:23_23-07-2024 | ::1 | Di chuyển file assets/editors/ckeditor/skins/moono/editor_iequirks.css | SUCCESS
15:18:23_23-07-2024 | ::1 | Di chuyển file assets/editors/ckeditor/skins/moono/icons.png | SUCCESS
15:18:23_23-07-2024 | ::1 | Di chuyển file assets/editors/ckeditor/skins/moono/icons_hidpi.png | SUCCESS
15:18:23_23-07-2024 | ::1 | Di chuyển file assets/editors/ckeditor/styles.js | SUCCESS
15:18:23_23-07-2024 | ::1 | Di chuyển file assets/editors/ckeditor5-classic/LICENSE.md | SUCCESS
15:18:23_23-07-2024 | ::1 | Di chuyển file assets/editors/ckeditor5-classic/ckeditor.js | SUCCESS
15:18:23_23-07-2024 | ::1 | Di chuyển file assets/editors/ckeditor5-classic/index.html | SUCCESS
15:18:23_23-07-2024 | ::1 | Di chuyển file assets/editors/ckeditor5-classic/language/en.js | SUCCESS
15:18:23_23-07-2024 | ::1 | Di chuyển file assets/editors/ckeditor5-classic/language/fr.js | SUCCESS
15:18:23_23-07-2024 | ::1 | Di chuyển file assets/editors/ckeditor5-classic/language/index.html | SUCCESS
15:18:23_23-07-2024 | ::1 | Di chuyển file assets/editors/ckeditor5-classic/language/ru.js | SUCCESS
15:18:23_23-07-2024 | ::1 | Di chuyển file assets/editors/ckeditor5-classic/language/vi.js | SUCCESS
15:18:23_23-07-2024 | ::1 | Di chuyển file assets/editors/ckeditor5-classic/nv.callback.js | SUCCESS
15:18:23_23-07-2024 | ::1 | Di chuyển file assets/editors/ckeditor5-classic/nv.php | SUCCESS
15:18:23_23-07-2024 | ::1 | Di chuyển file assets/editors/ckeditor5-classic/nv.upload.error.php | SUCCESS
15:18:23_23-07-2024 | ::1 | Di chuyển file assets/editors/ckeditor5-classic/nv.upload.success.php | SUCCESS
15:18:23_23-07-2024 | ::1 | Di chuyển file assets/js/DOMPurify/purify2.js | SUCCESS
15:18:23_23-07-2024 | ::1 | Di chuyển file assets/js/DOMPurify/purify3.js | SUCCESS
15:18:23_23-07-2024 | ::1 | Di chuyển file assets/js/admin.js | SUCCESS
15:18:23_23-07-2024 | ::1 | Di chuyển file assets/js/chart/chart.esm.js | SUCCESS
15:18:23_23-07-2024 | ::1 | Di chuyển file assets/js/chart/chart.js | SUCCESS
15:18:23_23-07-2024 | ::1 | Di chuyển file assets/js/chart/chart.min.js | SUCCESS
15:18:23_23-07-2024 | ::1 | Di chuyển file assets/js/chart/chunks/helpers.segment.js | SUCCESS
15:18:23_23-07-2024 | ::1 | Di chuyển file assets/js/chart/helpers.esm.js | SUCCESS
15:18:23_23-07-2024 | ::1 | Di chuyển file assets/js/clipboard/clipboard.min.js | SUCCESS
15:18:23_23-07-2024 | ::1 | Di chuyển file assets/js/global.js | SUCCESS
15:18:23_23-07-2024 | ::1 | Di chuyển file assets/js/highlight/github.min.css | SUCCESS
15:18:23_23-07-2024 | ::1 | Di chuyển file assets/js/highlight/highlight.min.js | SUCCESS
15:18:23_23-07-2024 | ::1 | Di chuyển file assets/js/highlight/index.html | SUCCESS
15:18:23_23-07-2024 | ::1 | Di chuyển file assets/js/jquery/additional-methods.min.js | SUCCESS
15:18:23_23-07-2024 | ::1 | Di chuyển file assets/js/jquery/jquery.min.js | SUCCESS
15:18:23_23-07-2024 | ::1 | Di chuyển file assets/js/jquery/jquery.validate.min.js | SUCCESS
15:18:23_23-07-2024 | ::1 | Di chuyển file assets/js/jquery-ui/images/ui-icons_444444_256x240.png | SUCCESS
15:18:23_23-07-2024 | ::1 | Di chuyển file assets/js/jquery-ui/images/ui-icons_555555_256x240.png | SUCCESS
15:18:23_23-07-2024 | ::1 | Di chuyển file assets/js/jquery-ui/images/ui-icons_777620_256x240.png | SUCCESS
15:18:23_23-07-2024 | ::1 | Di chuyển file assets/js/jquery-ui/images/ui-icons_777777_256x240.png | SUCCESS
15:18:23_23-07-2024 | ::1 | Di chuyển file assets/js/jquery-ui/images/ui-icons_cc0000_256x240.png | SUCCESS
15:18:23_23-07-2024 | ::1 | Di chuyển file assets/js/jquery-ui/images/ui-icons_ffffff_256x240.png | SUCCESS
15:18:23_23-07-2024 | ::1 | Di chuyển file assets/js/jquery-ui/jquery-ui.min.css | SUCCESS
15:18:23_23-07-2024 | ::1 | Di chuyển file assets/js/jquery-ui/jquery-ui.min.js | SUCCESS
15:18:23_23-07-2024 | ::1 | Di chuyển file assets/js/jquery-ui/jquery-ui.structure.min.css | SUCCESS
15:18:23_23-07-2024 | ::1 | Di chuyển file assets/js/jquery-ui/jquery-ui.theme.min.css | SUCCESS
15:18:23_23-07-2024 | ::1 | Di chuyển file assets/js/language/jquery.validator-fr.js | SUCCESS
15:18:23_23-07-2024 | ::1 | Di chuyển file assets/js/language/jquery.validator-vi.js | SUCCESS
15:18:23_23-07-2024 | ::1 | Di chuyển file assets/js/plyr/index.html | SUCCESS
15:18:23_23-07-2024 | ::1 | Di chuyển file assets/js/plyr/plyr.css | SUCCESS
15:18:23_23-07-2024 | ::1 | Di chuyển file assets/js/plyr/plyr.polyfilled.js | SUCCESS
15:18:23_23-07-2024 | ::1 | Di chuyển file assets/js/plyr/plyr.svg | SUCCESS
15:18:23_23-07-2024 | ::1 | Di chuyển file assets/js/site.js | SUCCESS
15:18:23_23-07-2024 | ::1 | Di chuyển file assets/js/stickytableheaders/index.html | SUCCESS
15:18:23_23-07-2024 | ::1 | Di chuyển file assets/js/stickytableheaders/jquery.stickytableheaders.min.js | SUCCESS
15:18:23_23-07-2024 | ::1 | Di chuyển file assets/js/upload.js | SUCCESS
15:18:23_23-07-2024 | ::1 | Di chuyển file assets/tpl/rss.tpl | SUCCESS
15:18:23_23-07-2024 | ::1 | Di chuyển file composer.json | SUCCESS
15:18:23_23-07-2024 | ::1 | Di chuyển file data/certs/cacert.pem | SUCCESS
15:18:23_23-07-2024 | ::1 | Di chuyển file includes/action_mysql.php | SUCCESS
15:18:23_23-07-2024 | ::1 | Di chuyển file includes/api/ClearCache.php | SUCCESS
15:18:23_23-07-2024 | ::1 | Di chuyển file includes/constants.php | SUCCESS
15:18:23_23-07-2024 | ::1 | Di chuyển file includes/core/admin_access.php | SUCCESS
15:18:23_23-07-2024 | ::1 | Di chuyển file includes/core/admin_functions.php | SUCCESS
15:18:23_23-07-2024 | ::1 | Di chuyển file includes/core/admin_login.php | SUCCESS
15:18:23_23-07-2024 | ::1 | Di chuyển file includes/core/admin_login_zalo.php | SUCCESS
15:18:23_23-07-2024 | ::1 | Di chuyển file includes/core/admin_logout.php | SUCCESS
15:18:23_23-07-2024 | ::1 | Di chuyển file includes/core/captcha.php | SUCCESS
15:18:23_23-07-2024 | ::1 | Di chuyển file includes/core/cronjobs.php | SUCCESS
15:18:23_23-07-2024 | ::1 | Di chuyển file includes/core/filesystem_functions.php | SUCCESS
15:18:23_23-07-2024 | ::1 | Di chuyển file includes/core/is_admin.php | SUCCESS
15:18:23_23-07-2024 | ::1 | Di chuyển file includes/core/is_user.php | SUCCESS
15:18:23_23-07-2024 | ::1 | Di chuyển file includes/core/rpc.php | SUCCESS
15:18:23_23-07-2024 | ::1 | Di chuyển file includes/core/stat.php | SUCCESS
15:18:23_23-07-2024 | ::1 | Di chuyển file includes/core/statimg.php | SUCCESS
15:18:23_23-07-2024 | ::1 | Di chuyển file includes/core/theme_functions.php | SUCCESS
15:18:23_23-07-2024 | ::1 | Di chuyển file includes/core/user_functions.php | SUCCESS
15:18:23_23-07-2024 | ::1 | Di chuyển file includes/countries.php | SUCCESS
15:18:23_23-07-2024 | ::1 | Di chuyển file includes/cronjobs/notification_autodel.php | SUCCESS
15:18:23_23-07-2024 | ::1 | Di chuyển file includes/footer.php | SUCCESS
15:18:23_23-07-2024 | ::1 | Di chuyển file includes/functions.php | SUCCESS
15:18:23_23-07-2024 | ::1 | Di chuyển file includes/ini/mime.ini | SUCCESS
15:18:23_23-07-2024 | ::1 | Di chuyển file includes/ini.php | SUCCESS
15:18:23_23-07-2024 | ::1 | Di chuyển file includes/language/en/admin_authors.php | SUCCESS
15:18:23_23-07-2024 | ::1 | Di chuyển file includes/language/en/admin_database.php | SUCCESS
15:18:23_23-07-2024 | ::1 | Di chuyển file includes/language/en/admin_extensions.php | SUCCESS
15:18:23_23-07-2024 | ::1 | Di chuyển file includes/language/en/admin_global.php | SUCCESS
15:18:23_23-07-2024 | ::1 | Di chuyển file includes/language/en/admin_settings.php | SUCCESS
15:18:23_23-07-2024 | ::1 | Di chuyển file includes/language/en/admin_upload.php | SUCCESS
15:18:23_23-07-2024 | ::1 | Di chuyển file includes/language/en/admin_zalo.php | SUCCESS
15:18:23_23-07-2024 | ::1 | Di chuyển file includes/language/en/global.php | SUCCESS
15:18:23_23-07-2024 | ::1 | Di chuyển file includes/language/en/install.php | SUCCESS
15:18:23_23-07-2024 | ::1 | Di chuyển file includes/language/fr/admin_authors.php | SUCCESS
15:18:23_23-07-2024 | ::1 | Di chuyển file includes/language/fr/admin_database.php | SUCCESS
15:18:23_23-07-2024 | ::1 | Di chuyển file includes/language/fr/admin_extensions.php | SUCCESS
15:18:23_23-07-2024 | ::1 | Di chuyển file includes/language/fr/admin_global.php | SUCCESS
15:18:23_23-07-2024 | ::1 | Di chuyển file includes/language/fr/admin_settings.php | SUCCESS
15:18:23_23-07-2024 | ::1 | Di chuyển file includes/language/fr/admin_upload.php | SUCCESS
15:18:23_23-07-2024 | ::1 | Di chuyển file includes/language/fr/admin_zalo.php | SUCCESS
15:18:23_23-07-2024 | ::1 | Di chuyển file includes/language/fr/global.php | SUCCESS
15:18:23_23-07-2024 | ::1 | Di chuyển file includes/language/fr/install.php | SUCCESS
15:18:23_23-07-2024 | ::1 | Di chuyển file includes/language/vi/admin_authors.php | SUCCESS
15:18:23_23-07-2024 | ::1 | Di chuyển file includes/language/vi/admin_database.php | SUCCESS
15:18:23_23-07-2024 | ::1 | Di chuyển file includes/language/vi/admin_extensions.php | SUCCESS
15:18:23_23-07-2024 | ::1 | Di chuyển file includes/language/vi/admin_global.php | SUCCESS
15:18:23_23-07-2024 | ::1 | Di chuyển file includes/language/vi/admin_settings.php | SUCCESS
15:18:23_23-07-2024 | ::1 | Di chuyển file includes/language/vi/admin_upload.php | SUCCESS
15:18:23_23-07-2024 | ::1 | Di chuyển file includes/language/vi/admin_zalo.php | SUCCESS
15:18:23_23-07-2024 | ::1 | Di chuyển file includes/language/vi/functions.php | SUCCESS
15:18:23_23-07-2024 | ::1 | Di chuyển file includes/language/vi/global.php | SUCCESS
15:18:23_23-07-2024 | ::1 | Di chuyển file includes/language/vi/install.php | SUCCESS
15:18:23_23-07-2024 | ::1 | Di chuyển file includes/mainfile.php | SUCCESS
15:18:23_23-07-2024 | ::1 | Di chuyển file includes/plugin/qrcode.php | SUCCESS
15:18:23_23-07-2024 | ::1 | Di chuyển file includes/request_uri.php | SUCCESS
15:18:23_23-07-2024 | ::1 | Di chuyển file includes/timezone.php | SUCCESS
15:18:23_23-07-2024 | ::1 | Di chuyển file includes/utf8/iconv_string_handler.php | SUCCESS
15:18:23_23-07-2024 | ::1 | Di chuyển file includes/utf8/mb_string_handler.php | SUCCESS
15:18:23_23-07-2024 | ::1 | Di chuyển file includes/utf8/php_string_handler.php | SUCCESS
15:18:23_23-07-2024 | ::1 | Di chuyển file includes/xtemplate.class.php | SUCCESS
15:18:23_23-07-2024 | ::1 | Di chuyển file index.php | SUCCESS
15:18:23_23-07-2024 | ::1 | Di chuyển file install/action_mysql.php | SUCCESS
15:18:23_23-07-2024 | ::1 | Di chuyển file install/config.php | SUCCESS
15:18:23_23-07-2024 | ::1 | Di chuyển file install/data.php | SUCCESS
15:18:23_23-07-2024 | ::1 | Di chuyển file install/data_by_lang.php | SUCCESS
15:18:23_23-07-2024 | ::1 | Di chuyển file install/data_en.php | SUCCESS
15:18:23_23-07-2024 | ::1 | Di chuyển file install/data_fr.php | SUCCESS
15:18:23_23-07-2024 | ::1 | Di chuyển file install/default.htaccess.txt | SUCCESS
15:18:23_23-07-2024 | ::1 | Di chuyển file install/index.php | SUCCESS
15:18:23_23-07-2024 | ::1 | Di chuyển file install/ini.php | SUCCESS
15:18:23_23-07-2024 | ::1 | Di chuyển file install/mainfile.php | SUCCESS
15:18:23_23-07-2024 | ::1 | Di chuyển file install/template.php | SUCCESS
15:18:23_23-07-2024 | ::1 | Di chuyển file install/tpl/step1.tpl | SUCCESS
15:18:23_23-07-2024 | ::1 | Di chuyển file install/tpl/step2.tpl | SUCCESS
15:18:23_23-07-2024 | ::1 | Di chuyển file install/tpl/step3.tpl | SUCCESS
15:18:23_23-07-2024 | ::1 | Di chuyển file install/tpl/step4.tpl | SUCCESS
15:18:23_23-07-2024 | ::1 | Di chuyển file install/tpl/step5.tpl | SUCCESS
15:18:23_23-07-2024 | ::1 | Di chuyển file install/tpl/step6.tpl | SUCCESS
15:18:23_23-07-2024 | ::1 | Di chuyển file install/tpl/step7.tpl | SUCCESS
15:18:23_23-07-2024 | ::1 | Di chuyển file install/tpl/step8.tpl | SUCCESS
15:18:23_23-07-2024 | ::1 | Di chuyển file install/tpl/theme.tpl | SUCCESS
15:18:23_23-07-2024 | ::1 | Di chuyển file install/tpl/updatetheme.tpl | SUCCESS
15:18:23_23-07-2024 | ::1 | Di chuyển file install/update.php | FAILURE
