[Mon, 01 Jul 2024 15:58:15 +0700] [localhost] [::1] [Warning(2): Array to string conversion] [FILE: /includes/xtemplate.class.php] [LINE: 864] [TRACE:]
#1  LINE: 182   FILE: /admin/index.php
#2  LINE: 46    FILE: /modules/samples/admin/main.php

[Mon, 01 Jul 2024 16:54:07 +0700] [localhost] [::1] [Warning(2): Undefined variable $error] [FILE: /modules/samples/admin/main.php] [LINE: 40] [TRACE:]
#1  LINE: 182   FILE: /admin/index.php

[Mon, 01 Jul 2024 16:56:31 +0700] [localhost] [::1] [Error(1): Uncaught TypeError: implode(): Argument #2 ($array) must be of type ?array, string given in C:\xampp\htdocs\nukeviet\modules\samples\admin\main.php:42
Stack trace:
#0 C:\xampp\htdocs\nukeviet\modules\samples\admin\main.php(42): implode('<br/>', '')
#1 C:\xampp\htdocs\nukeviet\admin\index.php(182): require('C:\\xampp\\htdocs...')
#2 {main}
  thrown] [FILE: /modules/samples/admin/main.php] [LINE: 42]
[Mon, 01 Jul 2024 17:24:30 +0700] [localhost] [::1] [Warning(2): file_get_contents(C:/xampp/htdocs/nukeviet/themes/admin_default/modules/samples\config.tpl): Failed to open stream: No such file or directory] [FILE: /includes/xtemplate.class.php] [LINE: 1333] [TRACE:]
#1  LINE: 182   FILE: /admin/index.php
#2  LINE: 21    FILE: /modules/samples/admin/config.php
#3  LINE: 395   FILE: /includes/xtemplate.class.php
#4  LINE: 506   FILE: /includes/xtemplate.class.php
#5  LINE: 537   FILE: /includes/xtemplate.class.php
#6  LINE: 1365  FILE: /includes/xtemplate.class.php
#7  LINE: 1333  FILE: /includes/xtemplate.class.php

[Mon, 01 Jul 2024 18:35:17 +0700] [localhost] [::1] [Error(1): Uncaught Error: Call to undefined function alert() in C:\xampp\htdocs\nukeviet\modules\samples\admin\main.php:23
Stack trace:
#0 C:\xampp\htdocs\nukeviet\admin\index.php(182): require()
#1 {main}
  thrown] [FILE: /modules/samples/admin/main.php] [LINE: 23]
