[Tue, 02 Jul 2024 10:37:00 +0700] [localhost] [::1] [Error(1): Uncaught PDOException: SQLSTATE[42000]: Syntax error or access violation: 1064 You have an error in your SQL syntax; check the manual that corresponds to your MariaDB server version for the right syntax to use near '23134'')' at line 1 in C:\xampp\htdocs\nukeviet\vendor\vinades\nukeviet\Core\Database.php:544
Stack trace:
#0 C:\xampp\htdocs\nukeviet\vendor\vinades\nukeviet\Core\Database.php(544): PDO->query('INSERT INTO `nv...', NULL)
#1 C:\xampp\htdocs\nukeviet\modules\samples\admin\main.php(28): NukeViet\Core\Database->query('INSERT INTO `nv...')
#2 C:\xampp\htdocs\nukeviet\admin\index.php(182): require('C:\\xampp\\htdocs...')
#3 {main}
  thrown] [FILE: /vendor/vinades/nukeviet/Core/Database.php] [LINE: 544]
[Tue, 02 Jul 2024 16:54:24 +0700] [localhost] [::1] [Error(1): Uncaught Error: [] operator not supported for strings in C:\xampp\htdocs\nukeviet\modules\samples\admin\main.php:40
Stack trace:
#0 C:\xampp\htdocs\nukeviet\admin\index.php(182): require()
#1 {main}
  thrown] [FILE: /modules/samples/admin/main.php] [LINE: 40]
[Tue, 02 Jul 2024 21:37:22 +0700] [localhost] [::1] [Warning(2): Undefined variable $array] [FILE: /modules/samples/admin/main.php] [LINE: 48] [TRACE:]
#1  LINE: 182   FILE: /admin/index.php

[Tue, 02 Jul 2024 21:37:22 +0700] [localhost] [::1] [Error(1): Uncaught TypeError: implode(): Argument #1 ($array) must be of type array, string given in C:\xampp\htdocs\nukeviet\modules\samples\admin\main.php:48
Stack trace:
#0 C:\xampp\htdocs\nukeviet\modules\samples\admin\main.php(48): implode(',', NULL)
#1 C:\xampp\htdocs\nukeviet\admin\index.php(182): require('C:\\xampp\\htdocs...')
#2 {main}
  thrown] [FILE: /modules/samples/admin/main.php] [LINE: 48]
[Tue, 02 Jul 2024 21:54:31 +0700] [localhost] [::1] [Error(1): Uncaught Error: Undefined constant "db" in C:\xampp\htdocs\nukeviet\modules\samples\admin\main.php:46
Stack trace:
#0 C:\xampp\htdocs\nukeviet\admin\index.php(182): require()
#1 {main}
  thrown] [FILE: /modules/samples/admin/main.php] [LINE: 46]
[Tue, 02 Jul 2024 21:58:11 +0700] [localhost] [::1] [Warning(2): Undefined array key "active"] [FILE: /modules/samples/admin/main.php] [LINE: 46] [TRACE:]
#1  LINE: 182   FILE: /admin/index.php

[Tue, 02 Jul 2024 21:58:11 +0700] [localhost] [::1] [Run-time notices(8192): PDO::quote(): Passing null to parameter #1 ($string) of type string is deprecated] [FILE: /modules/samples/admin/main.php] [LINE: 46] [TRACE:]
#1  LINE: 182   FILE: /admin/index.php
#2  LINE: 46    FILE: /modules/samples/admin/main.php

[Tue, 02 Jul 2024 21:59:47 +0700] [localhost] [::1] [Warning(2): Undefined array key "active"] [FILE: /modules/samples/admin/main.php] [LINE: 45] [TRACE:]
#1  LINE: 182   FILE: /admin/index.php

[Tue, 02 Jul 2024 21:59:47 +0700] [localhost] [::1] [Run-time notices(8192): PDO::quote(): Passing null to parameter #1 ($string) of type string is deprecated] [FILE: /modules/samples/admin/main.php] [LINE: 45] [TRACE:]
#1  LINE: 182   FILE: /admin/index.php
#2  LINE: 45    FILE: /modules/samples/admin/main.php

[Tue, 02 Jul 2024 22:04:04 +0700] [localhost] [::1] [Warning(2): Undefined array key "active"] [FILE: /modules/samples/admin/main.php] [LINE: 44] [TRACE:]
#1  LINE: 182   FILE: /admin/index.php

[Tue, 02 Jul 2024 22:04:04 +0700] [localhost] [::1] [Run-time notices(8192): PDO::quote(): Passing null to parameter #1 ($string) of type string is deprecated] [FILE: /modules/samples/admin/main.php] [LINE: 44] [TRACE:]
#1  LINE: 182   FILE: /admin/index.php
#2  LINE: 44    FILE: /modules/samples/admin/main.php

