[Wed, 03 Jul 2024 09:26:55 +0700] [localhost] [::1] [Error(1): Uncaught Error: PDOStatement::bindParam(): Argument #2 ($var) cannot be passed by reference in C:\xampp\htdocs\nukeviet\modules\samples\admin\main.php:47
Stack trace:
#0 C:\xampp\htdocs\nukeviet\admin\index.php(182): require()
#1 {main}
  thrown] [FILE: /modules/samples/admin/main.php] [LINE: 47]
[Wed, 03 Jul 2024 10:10:10 +0700] [localhost] [::1] [Warning(2): file_get_contents(C:/xampp/htdocs/nukeviet/themes/admin_default/modules/samples\samples.tpl): Failed to open stream: No such file or directory] [FILE: /includes/xtemplate.class.php] [LINE: 1333] [TRACE:]
#1  LINE: 182   FILE: /admin/index.php
#2  LINE: 67    FILE: /modules/samples/admin/main.php
#3  LINE: 395   FILE: /includes/xtemplate.class.php
#4  LINE: 506   FILE: /includes/xtemplate.class.php
#5  LINE: 537   FILE: /includes/xtemplate.class.php
#6  LINE: 1365  FILE: /includes/xtemplate.class.php
#7  LINE: 1333  FILE: /includes/xtemplate.class.php

[Wed, 03 Jul 2024 14:40:52 +0700] [localhost] [::1] [Error(1): Uncaught Error: Undefined constant "key" in C:\xampp\htdocs\nukeviet\modules\samples\admin\main.php:90
Stack trace:
#0 C:\xampp\htdocs\nukeviet\admin\index.php(182): require()
#1 {main}
  thrown] [FILE: /modules/samples/admin/main.php] [LINE: 90]
[Wed, 03 Jul 2024 16:24:15 +0700] [localhost] [::1] [Warning(2): Undefined array key "gender"] [FILE: /modules/samples/admin/main.php] [LINE: 85] [TRACE:]
#1  LINE: 182   FILE: /admin/index.php

