[Fri, 05 Jul 2024 08:57:06 +0700] [localhost] [::1] [Warning(2): Undefined array key "province"] [FILE: /modules/samples/admin/list.php] [LINE: 41] [TRACE:]
#1  LINE: 182   FILE: /admin/index.php

[Fri, 05 Jul 2024 09:00:10 +0700] [localhost] [::1] [Warning(2): Array to string conversion] [FILE: /includes/xtemplate.class.php] [LINE: 864] [TRACE:]
#1  LINE: 182   FILE: /admin/index.php
#2  LINE: 43    FILE: /modules/samples/admin/list.php

[Fri, 05 Jul 2024 11:43:12 +0700] [localhost] [::1] [Error(1): Uncaught Error: Undefined constant "DB_PREFIXLANG" in C:\xampp\htdocs\nukeviet\modules\samples\admin\main.php:78
Stack trace:
#0 C:\xampp\htdocs\nukeviet\admin\index.php(182): require()
#1 {main}
  thrown] [FILE: /modules/samples/admin/main.php] [LINE: 78]
[Fri, 05 Jul 2024 11:44:58 +0700] [localhost] [::1] [Error(1): Uncaught PDOException: SQLSTATE[42S02]: Base table or view not found: 1146 Table 'qlhocvien.nv4_vi' doesn't exist in C:\xampp\htdocs\nukeviet\vendor\vinades\nukeviet\Core\Database.php:544
Stack trace:
#0 C:\xampp\htdocs\nukeviet\vendor\vinades\nukeviet\Core\Database.php(544): PDO->query('SELECT * FROM n...', NULL)
#1 C:\xampp\htdocs\nukeviet\modules\samples\admin\main.php(79): NukeViet\Core\Database->query('SELECT * FROM n...')
#2 C:\xampp\htdocs\nukeviet\admin\index.php(182): require('C:\\xampp\\htdocs...')
#3 {main}
  thrown] [FILE: /vendor/vinades/nukeviet/Core/Database.php] [LINE: 544]
[Fri, 05 Jul 2024 11:51:11 +0700] [localhost] [::1] [Warning(2): Trying to access array offset on value of type bool] [FILE: /modules/samples/admin/main.php] [LINE: 105] [TRACE:]
#1  LINE: 182   FILE: /admin/index.php

[Fri, 05 Jul 2024 11:51:11 +0700] [localhost] [::1] [Warning(2): Trying to access array offset on value of type bool] [FILE: /modules/samples/admin/main.php] [LINE: 114] [TRACE:]
#1  LINE: 182   FILE: /admin/index.php

[Fri, 05 Jul 2024 11:53:40 +0700] [localhost] [::1] [Warning(2): Trying to access array offset on value of type bool] [FILE: /modules/samples/admin/main.php] [LINE: 103] [TRACE:]
#1  LINE: 182   FILE: /admin/index.php

[Fri, 05 Jul 2024 11:53:40 +0700] [localhost] [::1] [Warning(2): Trying to access array offset on value of type bool] [FILE: /modules/samples/admin/main.php] [LINE: 112] [TRACE:]
#1  LINE: 182   FILE: /admin/index.php

[Fri, 05 Jul 2024 13:55:17 +0700] [localhost] [::1] [Warning(2): Trying to access array offset on value of type bool] [FILE: /modules/samples/admin/main.php] [LINE: 102] [TRACE:]
#1  LINE: 182   FILE: /admin/index.php

[Fri, 05 Jul 2024 13:55:17 +0700] [localhost] [::1] [Warning(2): Trying to access array offset on value of type bool] [FILE: /modules/samples/admin/main.php] [LINE: 111] [TRACE:]
#1  LINE: 182   FILE: /admin/index.php

[Fri, 05 Jul 2024 13:58:10 +0700] [localhost] [::1] [Warning(2): Trying to access array offset on value of type bool] [FILE: /modules/samples/admin/main.php] [LINE: 104] [TRACE:]
#1  LINE: 182   FILE: /admin/index.php

[Fri, 05 Jul 2024 13:58:10 +0700] [localhost] [::1] [Warning(2): Trying to access array offset on value of type bool] [FILE: /modules/samples/admin/main.php] [LINE: 113] [TRACE:]
#1  LINE: 182   FILE: /admin/index.php

[Fri, 05 Jul 2024 13:58:56 +0700] [localhost] [::1] [Warning(2): Undefined array key "id"] [FILE: /modules/samples/admin/main.php] [LINE: 78] [TRACE:]
#1  LINE: 182   FILE: /admin/index.php

