[Wed, 26 Jun 2024 13:47:32 +0700] [localhost] [::1] [Warning(2): Undefined array key "add"] [FILE: /modules/music/admin.menu.php] [LINE: 16] [TRACE:]
#1  LINE: 182   FILE: /admin/index.php
#2  LINE: 146   FILE: /admin/siteinfo/main.php
#3  LINE: 307   FILE: /themes/admin_default/theme.php
#4  LINE: 103   FILE: /themes/admin_default/theme.php

[Wed, 26 Jun 2024 13:48:20 +0700] [localhost] [::1] [Warning(2): Undefined array key "list"] [FILE: /modules/music/admin/main.php] [LINE: 16] [TRACE:]
#1  LINE: 182   FILE: /admin/index.php

[Wed, 26 Jun 2024 13:48:20 +0700] [localhost] [::1] [Error(1): Uncaught PDOException: SQLSTATE[42S02]: Base table or view not found: 1146 Table 'qlhocvien.nv4_vi_music' doesn't exist in C:\xampp\htdocs\nukeviet\vendor\vinades\nukeviet\Core\Database.php:544
Stack trace:
#0 C:\xampp\htdocs\nukeviet\vendor\vinades\nukeviet\Core\Database.php(544): PDO->query('SELECT * FROM n...', NULL)
#1 C:\xampp\htdocs\nukeviet\modules\music\admin\main.php(20): NukeViet\Core\Database->query('SELECT * FROM n...')
#2 C:\xampp\htdocs\nukeviet\admin\index.php(182): require('C:\\xampp\\htdocs...')
#3 {main}
  thrown] [FILE: /vendor/vinades/nukeviet/Core/Database.php] [LINE: 544]
[Wed, 26 Jun 2024 14:03:08 +0700] [localhost] [::1] [Warning(2): Undefined array key "add"] [FILE: /modules/music/admin/content.php] [LINE: 38] [TRACE:]
#1  LINE: 182   FILE: /admin/index.php

[Wed, 26 Jun 2024 14:03:08 +0700] [localhost] [::1] [Warning(2): Undefined array key "music"] [FILE: /modules/music/admin/content.php] [LINE: 184] [TRACE:]
#1  LINE: 182   FILE: /admin/index.php

[Wed, 26 Jun 2024 14:03:08 +0700] [localhost] [::1] [Warning(2): file_get_contents(C:/xampp/htdocs/nukeviet/themes/admin_default/modules/music\content.tpl): Failed to open stream: No such file or directory] [FILE: /includes/xtemplate.class.php] [LINE: 1333] [TRACE:]
#1  LINE: 182   FILE: /admin/index.php
#2  LINE: 207   FILE: /modules/music/admin/content.php
#3  LINE: 395   FILE: /includes/xtemplate.class.php
#4  LINE: 506   FILE: /includes/xtemplate.class.php
#5  LINE: 537   FILE: /includes/xtemplate.class.php
#6  LINE: 1365  FILE: /includes/xtemplate.class.php
#7  LINE: 1333  FILE: /includes/xtemplate.class.php

[Wed, 26 Jun 2024 14:03:08 +0700] [localhost] [::1] [Run-time notices(8192): explode(): Passing null to parameter #2 ($string) of type string is deprecated] [FILE: /modules/music/admin/content.php] [LINE: 227] [TRACE:]
#1  LINE: 182   FILE: /admin/index.php
#2  LINE: 227   FILE: /modules/music/admin/content.php

[Wed, 26 Jun 2024 14:03:08 +0700] [localhost] [::1] [Warning(2): Undefined array key "imgposition_0"] [FILE: /modules/music/admin/content.php] [LINE: 243] [TRACE:]
#1  LINE: 182   FILE: /admin/index.php

[Wed, 26 Jun 2024 14:03:08 +0700] [localhost] [::1] [Warning(2): Undefined array key "imgposition_1"] [FILE: /modules/music/admin/content.php] [LINE: 244] [TRACE:]
#1  LINE: 182   FILE: /admin/index.php

[Wed, 26 Jun 2024 14:03:08 +0700] [localhost] [::1] [Warning(2): Undefined array key "imgposition_2"] [FILE: /modules/music/admin/content.php] [LINE: 245] [TRACE:]
#1  LINE: 182   FILE: /admin/index.php

[Wed, 26 Jun 2024 14:46:57 +0700] [localhost] [::1] [User Notice(1024): SQLSTATE[HY000] [2002] No connection could be made because the target machine actively refused it] [FILE: /vendor/vinades/nukeviet/Core/Database.php] [LINE: 94] [TRACE:]
#1  LINE: 17    FILE: /admin/index.php
#2  LINE: 276   FILE: /includes/mainfile.php
#3  LINE: 94    FILE: /vendor/vinades/nukeviet/Core/Database.php

[Wed, 26 Jun 2024 14:46:57 +0700] [localhost] [::1] [User Error(256): Sorry! Could not connect to data server] [FILE: /includes/mainfile.php] [LINE: 281] [TRACE:]
#1  LINE: 17    FILE: /admin/index.php
#2  LINE: 281   FILE: /includes/mainfile.php

[Wed, 26 Jun 2024 22:40:35 +0700] [localhost] [::1] [User Notice(1024): PDOException Object
(
    [message:protected] => SQLSTATE[42000]: Syntax error or access violation: 1064 You have an error in your SQL syntax; check the manual that corresponds to your MariaDB server version for the right syntax to use near '
)ENGINE=MyISAM  DEFAULT CHARSET=utf8' at line 7
    [string:Exception:private] => 
    [code:protected] => 42000
    [file:protected] => C:\xampp\htdocs\nukeviet\vendor\vinades\nukeviet\Core\Database.php
    [line:protected] => 544
    [trace:Exception:private] => Array
        (
            [0] => Array
                (
                    [file] => C:\xampp\htdocs\nukeviet\vendor\vinades\nukeviet\Core\Database.php
                    [line] => 544
                    [function] => query
                    [class] => PDO
                    [type] => ->
                    [args] => Array
                        (
                            [0] => CREATE TABLE nv4_vi_student_hocvien (
    `maHv` int(10) NOT NULL AUTO_INCREMENT,
    `hoten` varchar(50) NOT NULL,
    `diachi` varchar(50) NOT NULL,
    `ngaysinh` varchar(20) NOT NULL,
    PRIMARY KEY (maHv),
    UNIQUE KEY hoTen,
)ENGINE=MyISAM  DEFAULT CHARSET=utf8
                            [1] => 
                        )

                )

            [1] => Array
                (
                    [file] => C:\xampp\htdocs\nukeviet\admin\modules\functions.php
                    [line] => 192
                    [function] => query
                    [class] => NukeViet\Core\Database
                    [type] => ->
                    [args] => Array
                        (
                            [0] => CREATE TABLE nv4_vi_student_hocvien (
    `maHv` int(10) NOT NULL AUTO_INCREMENT,
    `hoten` varchar(50) NOT NULL,
    `diachi` varchar(50) NOT NULL,
    `ngaysinh` varchar(20) NOT NULL,
    PRIMARY KEY (maHv),
    UNIQUE KEY hoTen,
)ENGINE=MyISAM  DEFAULT CHARSET=utf8
                        )

                )

            [2] => Array
                (
                    [file] => C:\xampp\htdocs\nukeviet\admin\modules\recreate_mod.php
                    [line] => 22
                    [function] => nv_setup_data_module
                    [args] => Array
                        (
                            [0] => vi
                            [1] => student
                            [2] => 0
                        )

                )

            [3] => Array
                (
                    [file] => C:\xampp\htdocs\nukeviet\admin\index.php
                    [line] => 182
                    [args] => Array
                        (
                            [0] => C:\xampp\htdocs\nukeviet\admin\modules\recreate_mod.php
                        )

                    [function] => require
                )

        )

    [previous:Exception:private] => 
    [errorInfo] => Array
        (
            [0] => 42000
            [1] => 1064
            [2] => You have an error in your SQL syntax; check the manual that corresponds to your MariaDB server version for the right syntax to use near '
)ENGINE=MyISAM  DEFAULT CHARSET=utf8' at line 7
        )

)
] [FILE: /admin/modules/functions.php] [LINE: 194] [TRACE:]
#1  LINE: 182   FILE: /admin/index.php
#2  LINE: 22    FILE: /admin/modules/recreate_mod.php
#3  LINE: 194   FILE: /admin/modules/functions.php

